2025-11-04 16:04:53 服务端模式:SOCKET
2025-11-04 16:04:53 DHCP信息:10a0a0a ffffff 72727272
2025-11-04 16:04:54 服务端虚拟网卡启动:10a0a0a
2025-11-04 16:04:54 服务端路由推送表:1
2025-11-04 16:04:54 服务端服务结束
2025-11-04 16:04:54 服务端后台服务启动
2025-11-04 16:04:54 服务器地址: nat.kanxue.com/47.92.108.254
2025-11-04 16:04:54 服务器连接:TLS连接...
2025-11-04 16:04:54 连接服务器: nat.kanxue.com UDP 5000
2025-11-04 16:04:54 服务器连接:TLS连接成功
2025-11-04 16:04:54 服务器连接:服务器连接成功
2025-11-04 17:04:54 服务器连接:TLS连接...
2025-11-04 17:04:54 服务器连接:TLS连接成功
2025-11-04 17:04:55 服务器连接:TLS连接...
2025-11-04 17:04:55 连接服务器: nat.kanxue.com UDP 5000
2025-11-04 17:04:55 服务器连接:TLS连接成功
2025-11-04 17:04:55 服务器连接:服务器连接成功
2025-11-04 18:04:55 服务器地址: nat.kanxue.com/47.92.108.254
2025-11-04 18:04:55 服务器连接:TLS连接...
2025-11-04 18:04:55 服务器连接:TLS连接成功
2025-11-04 18:04:55 服务器连接:服务器连接成功
2025-11-04 18:04:56 服务器连接:TLS连接...
2025-11-04 18:04:56 连接服务器: nat.kanxue.com UDP 5000
2025-11-04 18:04:56 服务器连接:TLS连接成功
2025-11-04 18:04:56 服务器连接:服务器连接成功
2025-11-04 19:04:56 服务器连接:TLS连接...
2025-11-04 19:04:56 服务器连接:TLS连接成功
2025-11-04 19:04:56 服务器连接:服务器连接成功
2025-11-04 19:04:57 服务器连接:TLS连接...
2025-11-04 19:04:57 连接服务器: nat.kanxue.com UDP 5000
2025-11-04 19:04:57 服务器连接:TLS连接成功
2025-11-04 19:04:57 服务器连接:服务器连接成功
2025-11-04 20:04:56 服务器地址: nat.kanxue.com/47.92.108.254
2025-11-04 20:04:57 服务器连接:TLS连接...
2025-11-04 20:04:57 服务器连接:TLS连接成功
2025-11-04 20:04:57 服务器连接:服务器连接成功
2025-11-04 20:04:58 服务器连接:TLS连接...
2025-11-04 20:04:58 连接服务器: nat.kanxue.com UDP 5000
2025-11-04 20:04:58 服务器连接:TLS连接成功
2025-11-04 20:04:58 服务器连接:服务器连接成功
2025-11-04 21:04:58 服务器连接:TLS连接...
2025-11-04 21:04:58 服务器连接:TLS连接成功
2025-11-04 21:04:58 服务器连接:服务器连接成功
2025-11-04 21:04:59 服务器连接:TLS连接...
2025-11-04 21:04:59 连接服务器: nat.kanxue.com UDP 5000
2025-11-04 21:04:59 服务器连接:TLS连接成功
2025-11-04 21:04:59 服务器连接:服务器连接成功
2025-11-04 22:04:57 服务器地址: nat.kanxue.com/47.92.108.254
2025-11-04 22:04:59 服务器连接:TLS连接...
2025-11-04 22:04:59 服务器连接:TLS连接成功
2025-11-04 22:04:59 服务器连接:服务器连接成功
2025-11-04 22:05:00 服务器连接:TLS连接...
2025-11-04 22:05:00 连接服务器: nat.kanxue.com UDP 5000
2025-11-04 22:05:00 服务器连接:TLS连接成功
2025-11-04 22:05:00 服务器连接:服务器连接成功
2025-11-04 23:05:00 服务器连接:TLS连接...
2025-11-04 23:05:00 服务器连接:TLS连接成功
2025-11-04 23:05:00 服务器连接:服务器连接成功
2025-11-04 23:05:01 服务器连接:TLS连接...
2025-11-04 23:05:01 连接服务器: nat.kanxue.com UDP 5000
2025-11-04 23:05:01 服务器连接:TLS连接成功
2025-11-04 23:05:01 服务器连接:服务器连接成功
2025-11-05 00:04:58 服务器地址: nat.kanxue.com/47.92.108.254
2025-11-05 00:05:01 服务器连接:TLS连接...
2025-11-05 00:05:01 服务器连接:TLS连接成功
2025-11-05 00:05:01 服务器连接:服务器连接成功
2025-11-05 00:05:02 服务器连接:TLS连接...
2025-11-05 00:05:02 连接服务器: nat.kanxue.com UDP 5000
2025-11-05 00:05:02 服务器连接:TLS连接成功
2025-11-05 00:05:02 服务器连接:服务器连接成功
2025-11-05 01:05:02 服务器连接:TLS连接...
2025-11-05 01:05:02 服务器连接:TLS连接成功
2025-11-05 01:05:02 服务器连接:服务器连接成功
2025-11-05 01:05:03 服务器连接:TLS连接...
2025-11-05 01:05:03 连接服务器: nat.kanxue.com UDP 5000
2025-11-05 01:05:03 服务器连接:TLS连接成功
2025-11-05 01:05:03 服务器连接:服务器连接成功
2025-11-05 02:04:59 服务器地址: nat.kanxue.com/47.92.108.254
2025-11-05 02:05:03 服务器连接:TLS连接...
2025-11-05 02:05:03 服务器连接:TLS连接成功
2025-11-05 02:05:03 服务器连接:服务器连接成功
2025-11-05 02:05:04 服务器连接:TLS连接...
2025-11-05 02:05:04 连接服务器: nat.kanxue.com UDP 5000
2025-11-05 02:05:04 服务器连接:TLS连接成功
2025-11-05 02:05:04 服务器连接:服务器连接成功
2025-11-05 03:05:04 服务器连接:TLS连接...
2025-11-05 03:05:04 服务器连接:TLS连接成功
2025-11-05 03:05:04 服务器连接:服务器连接成功
2025-11-05 03:05:05 服务器连接:TLS连接...
2025-11-05 03:05:05 连接服务器: nat.kanxue.com UDP 5000
2025-11-05 03:05:05 服务器连接:TLS连接成功
2025-11-05 03:05:05 服务器连接:服务器连接成功
2025-11-05 04:05:00 服务器地址: nat.kanxue.com/47.92.108.254
2025-11-05 04:05:05 服务器连接:TLS连接...
2025-11-05 04:05:05 服务器连接:TLS连接成功
2025-11-05 04:05:05 服务器连接:服务器连接成功
2025-11-05 04:05:06 服务器连接:TLS连接...
2025-11-05 04:05:06 连接服务器: nat.kanxue.com UDP 5000
2025-11-05 04:05:06 服务器连接:TLS连接成功
2025-11-05 04:05:06 服务器连接:服务器连接成功
2025-11-05 05:05:06 服务器连接:TLS连接...
2025-11-05 05:05:06 服务器连接:TLS连接成功
2025-11-05 05:05:06 服务器连接:服务器连接成功
2025-11-05 05:05:07 服务器连接:TLS连接...
2025-11-05 05:05:07 连接服务器: nat.kanxue.com UDP 5000
2025-11-05 05:05:07 服务器连接:TLS连接成功
2025-11-05 05:05:07 服务器连接:服务器连接成功
2025-11-05 06:05:01 服务器地址: nat.kanxue.com/47.92.108.254
2025-11-05 06:05:07 服务器连接:TLS连接...
2025-11-05 06:05:07 服务器连接:TLS连接成功
2025-11-05 06:05:07 服务器连接:服务器连接成功
2025-11-05 06:05:08 服务器连接:TLS连接...
2025-11-05 06:05:08 连接服务器: nat.kanxue.com UDP 5000
2025-11-05 06:05:08 服务器连接:TLS连接成功
2025-11-05 06:05:08 服务器连接:服务器连接成功
2025-11-05 07:05:08 服务器连接:TLS连接...
2025-11-05 07:05:08 服务器连接:TLS连接成功
2025-11-05 07:05:08 服务器连接:服务器连接成功
2025-11-05 07:05:09 服务器连接:TLS连接...
2025-11-05 07:05:09 连接服务器: nat.kanxue.com UDP 5000
2025-11-05 07:05:09 服务器连接:TLS连接成功
2025-11-05 07:05:09 服务器连接:服务器连接成功
2025-11-05 08:05:02 服务器地址: nat.kanxue.com/47.92.108.254
2025-11-05 08:05:09 服务器连接:TLS连接...
2025-11-05 08:05:09 服务器连接:TLS连接成功
2025-11-05 08:05:09 服务器连接:服务器连接成功
2025-11-05 08:05:10 服务器连接:TLS连接...
2025-11-05 08:05:10 连接服务器: nat.kanxue.com UDP 5000
2025-11-05 08:05:10 服务器连接:TLS连接成功
2025-11-05 08:05:10 服务器连接:服务器连接成功
2025-11-05 09:05:10 服务器连接:TLS连接...
2025-11-05 09:05:10 服务器连接:TLS连接成功
2025-11-05 09:05:10 服务器连接:服务器连接成功
2025-11-05 09:05:11 服务器连接:TLS连接...
2025-11-05 09:05:11 连接服务器: nat.kanxue.com UDP 5000
2025-11-05 09:05:11 服务器连接:TLS连接成功
2025-11-05 09:05:11 服务器连接:服务器连接成功
2025-11-05 10:05:03 服务器地址: nat.kanxue.com/47.92.108.254
2025-11-05 10:05:11 服务器连接:TLS连接...
2025-11-05 10:05:11 服务器连接:TLS连接成功
2025-11-05 10:05:11 服务器连接:服务器连接成功
2025-11-05 10:05:12 服务器连接:TLS连接...
2025-11-05 10:05:12 连接服务器: nat.kanxue.com UDP 5000
2025-11-05 10:05:12 服务器连接:TLS连接成功
2025-11-05 10:05:12 服务器连接:服务器连接成功
2025-11-05 11:05:12 服务器连接:TLS连接...
2025-11-05 11:05:12 服务器连接:TLS连接成功
2025-11-05 11:05:12 服务器连接:服务器连接成功
2025-11-05 11:05:13 服务器连接:TLS连接...
2025-11-05 11:05:13 连接服务器: nat.kanxue.com UDP 5000
2025-11-05 11:05:13 服务器连接:TLS连接成功
2025-11-05 11:05:13 服务器连接:服务器连接成功
2025-11-05 12:05:04 服务器地址: nat.kanxue.com/47.92.108.254
2025-11-05 12:05:13 服务器连接:TLS连接...
2025-11-05 12:05:13 服务器连接:TLS连接成功
2025-11-05 12:05:13 服务器连接:服务器连接成功
2025-11-05 12:05:14 服务器连接:TLS连接...
2025-11-05 12:05:14 连接服务器: nat.kanxue.com UDP 5000
2025-11-05 12:05:14 服务器连接:TLS连接成功
2025-11-05 12:05:14 服务器连接:服务器连接成功
2025-11-05 13:05:14 服务器连接:TLS连接...
2025-11-05 13:05:14 服务器连接:TLS连接成功
2025-11-05 13:05:14 服务器连接:服务器连接成功
2025-11-05 13:05:15 服务器连接:TLS连接...
2025-11-05 13:05:15 连接服务器: nat.kanxue.com UDP 5000
2025-11-05 13:05:15 服务器连接:TLS连接成功
2025-11-05 13:05:15 服务器连接:服务器连接成功
