[2025-11-04 22:19:28.558] [INFO] ========================================
[2025-11-04 22:19:28.564] [INFO]   企业级 P2P 通信系统 - 客户端
[2025-11-04 22:19:28.564] [INFO]   版本: 1.0.0
[2025-11-04 22:19:28.565] [INFO] ========================================
[2025-11-04 22:19:28.565] [INFO] 
[2025-11-04 22:19:28.565] [INFO] 节点ID: 测试SQL1--客户端
[2025-11-04 22:19:28.565] [INFO] 组ID: 测试SQL1
[2025-11-04 22:19:28.565] [INFO] 服务器列表: 42.51.41.138
[2025-11-04 22:19:28.566] [INFO] 
[2025-11-04 22:19:28.580] [INFO] 正在注册到服务器...
[2025-11-04 22:19:28.620] [INFO] ✅ 注册成功！服务器: 42.51.41.138, 组: 测试SQL1, 公网地址: 171.222.129.203:51231
[2025-11-04 22:19:28.621] [INFO] 启动心跳保持...
[2025-11-04 22:19:28.621] [INFO] 配置了 1 个端口转发规则
[2025-11-04 22:19:28.623] [INFO] [端口转发] 张三: 本地:11433 → 测试SQL1--服务端:1430
[2025-11-04 22:19:28.623] [INFO] [端口转发] 张三 已启动，监听端口 11433
[2025-11-04 22:19:28.625] [INFO] 
[2025-11-04 22:19:28.625] [INFO] ========================================
[2025-11-04 22:19:28.625] [INFO] 系统已就绪！支持以下命令：
[2025-11-04 22:19:28.627] [INFO]   connect <PeerID>  - 连接到指定节点
[2025-11-04 22:19:28.627] [INFO]   send <message>    - 发送消息
[2025-11-04 22:19:28.627] [INFO]   status            - 查看连接状态
[2025-11-04 22:19:28.628] [INFO]   quit              - 退出程序
[2025-11-04 22:19:28.628] [INFO] ========================================
[2025-11-04 22:19:28.628] [INFO] 
[2025-11-04 22:19:30.630] [INFO] 🔗 自动连接到目标节点: 测试SQL1--服务端
[2025-11-04 22:19:30.631] [INFO] 
🔗 尝试连接到: 测试SQL1--服务端
[2025-11-04 22:19:30.632] [INFO] 📍 正在查询目标节点信息...
[2025-11-04 22:19:30.634] [INFO] 🔍 发送查询到 42.51.41.138:8000 - 消息: QUERY:测试SQL1--客户端:测试SQL1--服务端
[2025-11-04 22:19:33.696] [WARN] ⚠️ 服务器 42.51.41.138 查询超时
[2025-11-04 22:19:33.697] [ERROR] ❌ 无法获取目标节点信息，请确认对方已上线
[2025-11-04 22:19:33.698] [ERROR] ❌ 连接失败: 测试SQL1--服务端
