[2025-11-04 19:00:32.519] [INFO] ========================================
[2025-11-04 19:00:32.525] [INFO]   企业级 P2P 通信系统 - 服务器
[2025-11-04 19:00:32.526] [INFO]   版本: 1.0.0
[2025-11-04 19:00:32.526] [INFO] ========================================
[2025-11-04 19:00:32.526] [INFO] 
[2025-11-04 19:00:32.527] [INFO] 监听端口: 8000
[2025-11-04 19:00:32.527] [INFO] 最大客户端: 1000
[2025-11-04 19:00:32.527] [INFO] 已配置组数: 1
[2025-11-04 19:00:32.527] [INFO] 
[2025-11-04 19:00:32.528] [INFO]   • 组: default - 默认组
[2025-11-04 19:00:32.528] [INFO] 
[2025-11-04 19:00:32.546] [INFO] ✅ 服务器启动在端口 8000
[2025-11-04 19:00:32.548] [INFO] 支持的组: default
[2025-11-04 19:00:32.548] [INFO] 等待客户端连接...

[2025-11-04 19:00:32.550] [INFO] ========================================
[2025-11-04 19:00:32.550] [INFO] 系统已就绪！支持以下命令：
[2025-11-04 19:00:32.550] [INFO]   list   - 查看在线客户端
[2025-11-04 19:00:32.550] [INFO]   stats  - 查看统计信息
[2025-11-04 19:00:32.550] [INFO]   quit   - 退出程序
[2025-11-04 19:00:32.551] [INFO] ========================================
[2025-11-04 19:00:32.551] [INFO] 
[2025-11-04 19:01:13.720] [INFO] ========================================
[2025-11-04 19:01:13.726] [INFO]   企业级 P2P 通信系统 - 客户端
[2025-11-04 19:01:13.726] [INFO]   版本: 1.0.0
[2025-11-04 19:01:13.726] [INFO] ========================================
[2025-11-04 19:01:13.726] [INFO] 
[2025-11-04 19:01:13.727] [INFO] 节点ID: Client1
[2025-11-04 19:01:13.727] [INFO] 组ID: default
[2025-11-04 19:01:13.727] [INFO] 服务器列表: 127.0.0.1
[2025-11-04 19:01:13.727] [INFO] 
[2025-11-04 19:01:13.750] [INFO] 正在注册到服务器...
[2025-11-04 19:01:13.785] [ERROR] 注册失败！请检查服务器配置
[2025-11-04 19:01:17.998] [INFO] ========================================
[2025-11-04 19:01:18.002] [INFO]   企业级 P2P 通信系统 - 服务器
[2025-11-04 19:01:18.003] [INFO]   版本: 1.0.0
[2025-11-04 19:01:18.003] [INFO] ========================================
[2025-11-04 19:01:18.003] [INFO] 
[2025-11-04 19:01:18.004] [INFO] 监听端口: 8000
[2025-11-04 19:01:18.004] [INFO] 最大客户端: 1000
[2025-11-04 19:01:18.004] [INFO] 已配置组数: 1
[2025-11-04 19:01:18.004] [INFO] 
[2025-11-04 19:01:18.004] [INFO]   • 组: default - 默认组
[2025-11-04 19:01:18.004] [INFO] 
[2025-11-04 19:01:18.019] [INFO] ✅ 服务器启动在端口 8000
[2025-11-04 19:01:18.020] [INFO] 支持的组: default
[2025-11-04 19:01:18.020] [INFO] 等待客户端连接...

[2025-11-04 19:01:18.023] [INFO] ========================================
[2025-11-04 19:01:18.024] [INFO] 系统已就绪！支持以下命令：
[2025-11-04 19:01:18.024] [INFO]   list   - 查看在线客户端
[2025-11-04 19:01:18.024] [INFO]   stats  - 查看统计信息
[2025-11-04 19:01:18.025] [INFO]   quit   - 退出程序
[2025-11-04 19:01:18.025] [INFO] ========================================
[2025-11-04 19:01:18.025] [INFO] 
